<?xml version="1.0" encoding="UTF-8"?>
<!-- Generated by org.testng.reporters.JUnitXMLReporter -->
<testsuite hostname="Lenovo-PC" ignored="0" name="Command line test" tests="6" failures="0" timestamp="29 Jul 2020 18:05:27 GMT" time="0.136" errors="0">
  <testcase name="IOSApps" time="0.024" classname="qcclickacademy.mavenjava.AppiumTest"/>
  <testcase name="NativeAPpAndroid" time="0.001" classname="qcclickacademy.mavenjava.AppiumTest"/>
  <testcase name="deleteTwitter" time="0.001" classname="qcclickacademy.mavenjava.RESTAPITest"/>
  <testcase name="postJira" time="0.0" classname="qcclickacademy.mavenjava.RESTAPITest"/>
  <testcase name="BrowserAUtomation" time="0.001" classname="qcclickacademy.mavenjava.SeleniumTest"/>
  <testcase name="elementsUi" time="0.001" classname="qcclickacademy.mavenjava.SeleniumTest"/>
</testsuite> <!-- Command line test -->
