<?xml version="1.0" encoding="UTF-8"?>
<!-- Generated by org.testng.reporters.JUnitXMLReporter -->
<testsuite hostname="Lenovo-PC" ignored="0" name="Test" tests="4" failures="0" timestamp="13 Jul 2020 16:56:15 GMT" time="0.233" errors="0">
  <testcase name="BrowserAUtomation" time="0.087" classname="qcclickacademy.mavenjava.SeleniumTest"/>
  <testcase name="elementsUi" time="0.0" classname="qcclickacademy.mavenjava.SeleniumTest"/>
  <testcase name="deleteTwitter" time="0.001" classname="qcclickacademy.mavenjava.RESTAPITest"/>
  <testcase name="postJira" time="0.001" classname="qcclickacademy.mavenjava.RESTAPITest"/>
</testsuite> <!-- Test -->
